2026-06-11 11:31:26,270 | INFO | Random seed set to 42
2026-06-11 11:31:26,270 | INFO | DP config applied from YAML | enabled=1 | clip_norm=0.5 | epsilon=1.0 | delta=1e-05 | auto_noise=1 | base_noise=0.05 | calculated_noise_std=0.0500 | optimizer=adam
2026-06-11 11:31:26,270 | INFO | --------------------------------------------------------------------------------
2026-06-11 11:31:26,270 | INFO | Experiment Configuration Summary
2026-06-11 11:31:26,270 | INFO | --------------------------------------------------------------------------------
2026-06-11 11:31:26,270 | INFO | Approach: FedAvg + DP
2026-06-11 11:31:26,270 | INFO | FL: clients=10 | rounds=150 | local_epochs=5
2026-06-11 11:31:26,270 | INFO | Gossip: fanout=2 | max_hops=3
2026-06-11 11:31:26,270 | INFO | Model: lenet | conv1=16 | conv2=32 | classes=10
2026-06-11 11:31:26,270 | INFO | Training: optimizer=adam | learning_rate=0.001
2026-06-11 11:31:26,270 | INFO | Data: dataset=ylecun/mnist | batch_size=64 | test_batch_size=256 | alpha=0.5 | seed=42
2026-06-11 11:31:26,270 | INFO | DP: enabled=True | clip_norm=0.5 | epsilon=1.0 | delta=1e-5 | auto_noise=True | base_noise=0.05 | effective_noise_std=0.0500
2026-06-11 11:31:26,270 | INFO | --------------------------------------------------------------------------------
2026-06-11 11:31:26,270 | INFO | Using device: cpu
2026-06-11 11:31:26,270 | INFO | ================================================================================
2026-06-11 11:31:26,270 | INFO | Creating non-IID client data partitions
2026-06-11 11:31:26,270 | INFO | ================================================================================
2026-06-11 11:31:26,270 | INFO | Dataset=ylecun/mnist | clients=10 | alpha=0.5 | partition_by=label | min_partition_size=10 | self_balancing=True | seed=42
2026-06-11 11:31:27,196 | INFO | HTTP Request: HEAD https://huggingface.co/datasets/ylecun/mnist/resolve/main/README.md "HTTP/1.1 307 Temporary Redirect"
2026-06-11 11:31:27,263 | INFO | HTTP Request: HEAD https://huggingface.co/api/resolve-cache/datasets/ylecun/mnist/77f3279092a1c1579b2250db8eafed0ad422088c/README.md "HTTP/1.1 200 OK"
2026-06-11 11:31:27,546 | INFO | HTTP Request: HEAD https://huggingface.co/datasets/ylecun/mnist/resolve/77f3279092a1c1579b2250db8eafed0ad422088c/mnist.py "HTTP/1.1 404 Not Found"
2026-06-11 11:31:28,782 | INFO | HTTP Request: HEAD https://s3.amazonaws.com/datasets.huggingface.co/datasets/datasets/ylecun/mnist/ylecun/mnist.py "HTTP/1.1 404 Not Found"
2026-06-11 11:31:29,115 | INFO | HTTP Request: GET https://huggingface.co/api/datasets/ylecun/mnist/revision/77f3279092a1c1579b2250db8eafed0ad422088c "HTTP/1.1 200 OK"
2026-06-11 11:31:29,450 | INFO | HTTP Request: HEAD https://huggingface.co/datasets/ylecun/mnist/resolve/77f3279092a1c1579b2250db8eafed0ad422088c/.huggingface.yaml "HTTP/1.1 404 Not Found"
2026-06-11 11:31:30,331 | INFO | HTTP Request: GET https://datasets-server.huggingface.co/info?dataset=ylecun/mnist "HTTP/1.1 200 OK"
2026-06-11 11:31:30,691 | INFO | HTTP Request: GET https://huggingface.co/api/datasets/ylecun/mnist/tree/77f3279092a1c1579b2250db8eafed0ad422088c/mnist?recursive=true&expand=false "HTTP/1.1 200 OK"
2026-06-11 11:31:30,979 | INFO | HTTP Request: GET https://huggingface.co/api/datasets/ylecun/mnist/tree/77f3279092a1c1579b2250db8eafed0ad422088c?recursive=false&expand=false "HTTP/1.1 200 OK"
2026-06-11 11:31:31,328 | INFO | HTTP Request: HEAD https://huggingface.co/datasets/ylecun/mnist/resolve/77f3279092a1c1579b2250db8eafed0ad422088c/dataset_infos.json "HTTP/1.1 404 Not Found"
2026-06-11 11:31:31,344 | WARNING | Warning: You are sending unauthenticated requests to the HF Hub. Please set a HF_TOKEN to enable higher rate limits and faster downloads.
2026-06-11 11:31:34,785 | INFO | --------------------------------------------------------------------------------
2026-06-11 11:31:34,786 | INFO | Client 0 data distribution | total_samples=6128 | unique_labels=[0, 1, 2]
2026-06-11 11:31:34,786 | INFO | Client 0 label_distribution={0: 854, 1: 3887, 2: 1387}
2026-06-11 11:31:36,421 | INFO | --------------------------------------------------------------------------------
2026-06-11 11:31:36,421 | INFO | Client 1 data distribution | total_samples=6913 | unique_labels=[0, 1, 2, 3, 4, 5, 6, 7]
2026-06-11 11:31:36,421 | INFO | Client 1 label_distribution={0: 1361, 1: 868, 2: 190, 3: 1, 4: 46, 5: 367, 6: 2344, 7: 1736}
2026-06-11 11:31:36,954 | INFO | --------------------------------------------------------------------------------
2026-06-11 11:31:36,954 | INFO | Client 2 data distribution | total_samples=2088 | unique_labels=[0, 1, 2, 3, 4, 5, 6, 7, 8, 9]
2026-06-11 11:31:36,954 | INFO | Client 2 label_distribution={0: 9, 1: 26, 2: 670, 3: 89, 4: 41, 5: 123, 6: 647, 7: 31, 8: 417, 9: 35}
2026-06-11 11:31:38,917 | INFO | --------------------------------------------------------------------------------
2026-06-11 11:31:38,917 | INFO | Client 3 data distribution | total_samples=8319 | unique_labels=[0, 1, 2, 3, 4, 5]
2026-06-11 11:31:38,917 | INFO | Client 3 label_distribution={0: 803, 1: 738, 2: 1089, 3: 2399, 4: 356, 5: 2934}
